# JRE version: Java(TM) SE Runtime Environment (8.0_25-b18) (build 1.8.0_25-b18)
# Java VM: Java HotSpot(TM) 64-Bit Server VM (25.25-b02 mixed mode windows-amd64 compressed oops)
Heap:
 PSYoungGen      total 101376K, used 38447K [0x00000000f5580000, 0x00000000fbf00000, 0x0000000100000000)
  eden space 100864K, 38% used [0x00000000f5580000,0x00000000f7b0bfd0,0x00000000fb800000)
  from space 512K, 0% used [0x00000000fb800000,0x00000000fb800000,0x00000000fb880000)
  to   space 3584K, 0% used [0x00000000fbb80000,0x00000000fbb80000,0x00000000fbf00000)
 ParOldGen       total 71680K, used 44458K [0x00000000e0000000, 0x00000000e4600000, 0x00000000f5580000)
  object space 71680K, 62% used [0x00000000e0000000,0x00000000e2b6a970,0x00000000e4600000)
 Metaspace       used 85452K, capacity 91498K, committed 91776K, reserved 1128448K
  class space    used 9979K, capacity 11770K, committed 11904K, reserved 1048576K
GC Heap History (10 events):
Event: 7263.899 GC heap before
{Heap before GC invocations=263 (full 116):
 PSYoungGen      total 104960K, used 576K [0x00000000f5580000, 0x00000000fc000000, 0x0000000100000000)
  eden space 100864K, 0% used [0x00000000f5580000,0x00000000f5580000,0x00000000fb800000)
  from space 4096K, 14% used [0x00000000fb800000,0x00000000fb890000,0x00000000fbc00000)
  to   space 4096K, 0% used [0x00000000fbc00000,0x00000000fbc00000,0x00000000fc000000)
 ParOldGen       total 71680K, used 46941K [0x00000000e0000000, 0x00000000e4600000, 0x00000000f5580000)
  object space 71680K, 65% used [0x00000000e0000000,0x00000000e2dd7690,0x00000000e4600000)
 Metaspace       used 84768K, capacity 90982K, committed 91264K, reserved 1128448K
  class space    used 9913K, capacity 11770K, committed 11904K, reserved 1048576K
Event: 7264.076 GC heap after
Heap after GC invocations=263 (full 116):
 PSYoungGen      total 104960K, used 0K [0x00000000f5580000, 0x00000000fc000000, 0x0000000100000000)
  eden space 100864K, 0% used [0x00000000f5580000,0x00000000f5580000,0x00000000fb800000)
  from space 4096K, 0% used [0x00000000fb800000,0x00000000fb800000,0x00000000fbc00000)
  to   space 4096K, 0% used [0x00000000fbc00000,0x00000000fbc00000,0x00000000fc000000)
 ParOldGen       total 71680K, used 45213K [0x00000000e0000000, 0x00000000e4600000, 0x00000000f5580000)
  object space 71680K, 63% used [0x00000000e0000000,0x00000000e2c27528,0x00000000e4600000)
 Metaspace       used 84768K, capacity 90982K, committed 91264K, reserved 1128448K
  class space    used 9913K, capacity 11770K, committed 11904K, reserved 1048576K
}
Event: 7323.897 GC heap before
{Heap before GC invocations=264 (full 116):
 PSYoungGen      total 104960K, used 91624K [0x00000000f5580000, 0x00000000fc000000, 0x0000000100000000)
  eden space 100864K, 90% used [0x00000000f5580000,0x00000000faefa260,0x00000000fb800000)
  from space 4096K, 0% used [0x00000000fb800000,0x00000000fb800000,0x00000000fbc00000)
  to   space 4096K, 0% used [0x00000000fbc00000,0x00000000fbc00000,0x00000000fc000000)
 ParOldGen       total 71680K, used 45213K [0x00000000e0000000, 0x00000000e4600000, 0x00000000f5580000)
  object space 71680K, 63% used [0x00000000e0000000,0x00000000e2c27528,0x00000000e4600000)
 Metaspace       used 84810K, capacity 91046K, committed 91264K, reserved 1128448K
  class space    used 9913K, capacity 11770K, committed 11904K, reserved 1048576K
Event: 7323.901 GC heap after
Heap after GC invocations=264 (full 116):
 PSYoungGen      total 104960K, used 1712K [0x00000000f5580000, 0x00000000fc000000, 0x0000000100000000)
  eden space 100864K, 0% used [0x00000000f5580000,0x00000000f5580000,0x00000000fb800000)
  from space 4096K, 41% used [0x00000000fbc00000,0x00000000fbdac120,0x00000000fc000000)
  to   space 4096K, 0% used [0x00000000fb800000,0x00000000fb800000,0x00000000fbc00000)
 ParOldGen       total 71680K, used 45213K [0x00000000e0000000, 0x00000000e4600000, 0x00000000f5580000)
  object space 71680K, 63% used [0x00000000e0000000,0x00000000e2c27528,0x00000000e4600000)
 Metaspace       used 84810K, capacity 91046K, committed 91264K, reserved 1128448K
  class space    used 9913K, capacity 11770K, committed 11904K, reserved 1048576K
}
Event: 7323.901 GC heap before
{Heap before GC invocations=265 (full 117):
 PSYoungGen      total 104960K, used 1712K [0x00000000f5580000, 0x00000000fc000000, 0x0000000100000000)
  eden space 100864K, 0% used [0x00000000f5580000,0x00000000f5580000,0x00000000fb800000)
  from space 4096K, 41% used [0x00000000fbc00000,0x00000000fbdac120,0x00000000fc000000)
  to   space 4096K, 0% used [0x00000000fb800000,0x00000000fb800000,0x00000000fbc00000)
 ParOldGen       total 71680K, used 45213K [0x00000000e0000000, 0x00000000e4600000, 0x00000000f5580000)
  object space 71680K, 63% used [0x00000000e0000000,0x00000000e2c27528,0x00000000e4600000)
 Metaspace       used 84810K, capacity 91046K, committed 91264K, reserved 1128448K
  class space    used 9913K, capacity 11770K, committed 11904K, reserved 1048576K
Event: 7324.156 GC heap after
Heap after GC invocations=265 (full 117):
 PSYoungGen      total 104960K, used 0K [0x00000000f5580000, 0x00000000fc000000, 0x0000000100000000)
  eden space 100864K, 0% used [0x00000000f5580000,0x00000000f5580000,0x00000000fb800000)
  from space 4096K, 0% used [0x00000000fbc00000,0x00000000fbc00000,0x00000000fc000000)
  to   space 4096K, 0% used [0x00000000fb800000,0x00000000fb800000,0x00000000fbc00000)
 ParOldGen       total 71680K, used 44483K [0x00000000e0000000, 0x00000000e4600000, 0x00000000f5580000)
  object space 71680K, 62% used [0x00000000e0000000,0x00000000e2b70ca8,0x00000000e4600000)
 Metaspace       used 84806K, capacity 91040K, committed 91264K, reserved 1128448K
  class space    used 9913K, capacity 11769K, committed 11904K, reserved 1048576K
}
Event: 7383.899 GC heap before
{Heap before GC invocations=266 (full 117):
 PSYoungGen      total 104960K, used 2856K [0x00000000f5580000, 0x00000000fc000000, 0x0000000100000000)
  eden space 100864K, 2% used [0x00000000f5580000,0x00000000f584a170,0x00000000fb800000)
  from space 4096K, 0% used [0x00000000fbc00000,0x00000000fbc00000,0x00000000fc000000)
  to   space 4096K, 0% used [0x00000000fb800000,0x00000000fb800000,0x00000000fbc00000)
 ParOldGen       total 71680K, used 44483K [0x00000000e0000000, 0x00000000e4600000, 0x00000000f5580000)
  object space 71680K, 62% used [0x00000000e0000000,0x00000000e2b70ca8,0x00000000e4600000)
 Metaspace       used 84806K, capacity 91040K, committed 91264K, reserved 1128448K
  class space    used 9913K, capacity 11769K, committed 11904K, reserved 1048576K
Event: 7383.902 GC heap after
Heap after GC invocations=266 (full 117):
 PSYoungGen      total 101376K, used 160K [0x00000000f5580000, 0x00000000fbf00000, 0x0000000100000000)
  eden space 100864K, 0% used [0x00000000f5580000,0x00000000f5580000,0x00000000fb800000)
  from space 512K, 31% used [0x00000000fb800000,0x00000000fb828000,0x00000000fb880000)
  to   space 3584K, 0% used [0x00000000fbb80000,0x00000000fbb80000,0x00000000fbf00000)
 ParOldGen       total 71680K, used 44483K [0x00000000e0000000, 0x00000000e4600000, 0x00000000f5580000)
  object space 71680K, 62% used [0x00000000e0000000,0x00000000e2b70ca8,0x00000000e4600000)
 Metaspace       used 84806K, capacity 91040K, committed 91264K, reserved 1128448K
  class space    used 9913K, capacity 11769K, committed 11904K, reserved 1048576K
}
Event: 7383.902 GC heap before
{Heap before GC invocations=267 (full 118):
 PSYoungGen      total 101376K, used 160K [0x00000000f5580000, 0x00000000fbf00000, 0x0000000100000000)
  eden space 100864K, 0% used [0x00000000f5580000,0x00000000f5580000,0x00000000fb800000)
  from space 512K, 31% used [0x00000000fb800000,0x00000000fb828000,0x00000000fb880000)
  to   space 3584K, 0% used [0x00000000fbb80000,0x00000000fbb80000,0x00000000fbf00000)
 ParOldGen       total 71680K, used 44483K [0x00000000e0000000, 0x00000000e4600000, 0x00000000f5580000)
  object space 71680K, 62% used [0x00000000e0000000,0x00000000e2b70ca8,0x00000000e4600000)
 Metaspace       used 84806K, capacity 91040K, committed 91264K, reserved 1128448K
  class space    used 9913K, capacity 11769K, committed 11904K, reserved 1048576K
Event: 7384.080 GC heap after
Heap after GC invocations=267 (full 118):
 PSYoungGen      total 101376K, used 0K [0x00000000f5580000, 0x00000000fbf00000, 0x0000000100000000)
  eden space 100864K, 0% used [0x00000000f5580000,0x00000000f5580000,0x00000000fb800000)
  from space 512K, 0% used [0x00000000fb800000,0x00000000fb800000,0x00000000fb880000)
  to   space 3584K, 0% used [0x00000000fbb80000,0x00000000fbb80000,0x00000000fbf00000)
 ParOldGen       total 71680K, used 44458K [0x00000000e0000000, 0x00000000e4600000, 0x00000000f5580000)
  object space 71680K, 62% used [0x00000000e0000000,0x00000000e2b6a970,0x00000000e4600000)
 Metaspace       used 84806K, capacity 91040K, committed 91264K, reserved 1128448K
  class space    used 9913K, capacity 11769K, committed 11904K, reserved 1048576K
}

