# JRE version: Java(TM) SE Runtime Environment (8.0_25-b18) (build 1.8.0_25-b18)
# Java VM: Java HotSpot(TM) 64-Bit Server VM (25.25-b02 mixed mode windows-amd64 compressed oops)
Heap:
 PSYoungGen      total 164864K, used 62124K [0x00000000f5580000, 0x00000000ff800000, 0x0000000100000000)
  eden space 163328K, 38% used [0x00000000f5580000,0x00000000f922b1f0,0x00000000ff500000)
  from space 1536K, 0% used [0x00000000ff680000,0x00000000ff680000,0x00000000ff800000)
  to   space 1536K, 0% used [0x00000000ff500000,0x00000000ff500000,0x00000000ff680000)
 ParOldGen       total 76288K, used 64594K [0x00000000e0000000, 0x00000000e4a80000, 0x00000000f5580000)
  object space 76288K, 84% used [0x00000000e0000000,0x00000000e3f14ad0,0x00000000e4a80000)
 Metaspace       used 93832K, capacity 100222K, committed 100608K, reserved 1136640K
  class space    used 10943K, capacity 13002K, committed 13056K, reserved 1048576K
GC Heap History (10 events):
Event: 20108.893 GC heap before
{Heap before GC invocations=682 (full 326):
 PSYoungGen      total 164864K, used 160K [0x00000000f5580000, 0x00000000ff800000, 0x0000000100000000)
  eden space 163328K, 0% used [0x00000000f5580000,0x00000000f5580000,0x00000000ff500000)
  from space 1536K, 10% used [0x00000000ff680000,0x00000000ff6a8000,0x00000000ff800000)
  to   space 1536K, 0% used [0x00000000ff500000,0x00000000ff500000,0x00000000ff680000)
 ParOldGen       total 76288K, used 64594K [0x00000000e0000000, 0x00000000e4a80000, 0x00000000f5580000)
  object space 76288K, 84% used [0x00000000e0000000,0x00000000e3f14988,0x00000000e4a80000)
 Metaspace       used 93089K, capacity 99392K, committed 99712K, reserved 1136640K
  class space    used 10862K, capacity 12837K, committed 12928K, reserved 1048576K
Event: 20109.070 GC heap after
Heap after GC invocations=682 (full 326):
 PSYoungGen      total 164864K, used 0K [0x00000000f5580000, 0x00000000ff800000, 0x0000000100000000)
  eden space 163328K, 0% used [0x00000000f5580000,0x00000000f5580000,0x00000000ff500000)
  from space 1536K, 0% used [0x00000000ff680000,0x00000000ff680000,0x00000000ff800000)
  to   space 1536K, 0% used [0x00000000ff500000,0x00000000ff500000,0x00000000ff680000)
 ParOldGen       total 76288K, used 64594K [0x00000000e0000000, 0x00000000e4a80000, 0x00000000f5580000)
  object space 76288K, 84% used [0x00000000e0000000,0x00000000e3f14978,0x00000000e4a80000)
 Metaspace       used 93089K, capacity 99392K, committed 99712K, reserved 1136640K
  class space    used 10862K, capacity 12837K, committed 12928K, reserved 1048576K
}
Event: 20168.896 GC heap before
{Heap before GC invocations=683 (full 326):
 PSYoungGen      total 164864K, used 7603K [0x00000000f5580000, 0x00000000ff800000, 0x0000000100000000)
  eden space 163328K, 4% used [0x00000000f5580000,0x00000000f5cece78,0x00000000ff500000)
  from space 1536K, 0% used [0x00000000ff680000,0x00000000ff680000,0x00000000ff800000)
  to   space 1536K, 0% used [0x00000000ff500000,0x00000000ff500000,0x00000000ff680000)
 ParOldGen       total 76288K, used 64594K [0x00000000e0000000, 0x00000000e4a80000, 0x00000000f5580000)
  object space 76288K, 84% used [0x00000000e0000000,0x00000000e3f14978,0x00000000e4a80000)
 Metaspace       used 93089K, capacity 99392K, committed 99712K, reserved 1136640K
  class space    used 10862K, capacity 12837K, committed 12928K, reserved 1048576K
Event: 20168.899 GC heap after
Heap after GC invocations=683 (full 326):
 PSYoungGen      total 164864K, used 448K [0x00000000f5580000, 0x00000000ff800000, 0x0000000100000000)
  eden space 163328K, 0% used [0x00000000f5580000,0x00000000f5580000,0x00000000ff500000)
  from space 1536K, 29% used [0x00000000ff500000,0x00000000ff570000,0x00000000ff680000)
  to   space 1536K, 0% used [0x00000000ff680000,0x00000000ff680000,0x00000000ff800000)
 ParOldGen       total 76288K, used 64594K [0x00000000e0000000, 0x00000000e4a80000, 0x00000000f5580000)
  object space 76288K, 84% used [0x00000000e0000000,0x00000000e3f14978,0x00000000e4a80000)
 Metaspace       used 93089K, capacity 99392K, committed 99712K, reserved 1136640K
  class space    used 10862K, capacity 12837K, committed 12928K, reserved 1048576K
}
Event: 20168.899 GC heap before
{Heap before GC invocations=684 (full 327):
 PSYoungGen      total 164864K, used 448K [0x00000000f5580000, 0x00000000ff800000, 0x0000000100000000)
  eden space 163328K, 0% used [0x00000000f5580000,0x00000000f5580000,0x00000000ff500000)
  from space 1536K, 29% used [0x00000000ff500000,0x00000000ff570000,0x00000000ff680000)
  to   space 1536K, 0% used [0x00000000ff680000,0x00000000ff680000,0x00000000ff800000)
 ParOldGen       total 76288K, used 64594K [0x00000000e0000000, 0x00000000e4a80000, 0x00000000f5580000)
  object space 76288K, 84% used [0x00000000e0000000,0x00000000e3f14978,0x00000000e4a80000)
 Metaspace       used 93089K, capacity 99392K, committed 99712K, reserved 1136640K
  class space    used 10862K, capacity 12837K, committed 12928K, reserved 1048576K
Event: 20169.079 GC heap after
Heap after GC invocations=684 (full 327):
 PSYoungGen      total 164864K, used 0K [0x00000000f5580000, 0x00000000ff800000, 0x0000000100000000)
  eden space 163328K, 0% used [0x00000000f5580000,0x00000000f5580000,0x00000000ff500000)
  from space 1536K, 0% used [0x00000000ff500000,0x00000000ff500000,0x00000000ff680000)
  to   space 1536K, 0% used [0x00000000ff680000,0x00000000ff680000,0x00000000ff800000)
 ParOldGen       total 76288K, used 64715K [0x00000000e0000000, 0x00000000e4a80000, 0x00000000f5580000)
  object space 76288K, 84% used [0x00000000e0000000,0x00000000e3f32f88,0x00000000e4a80000)
 Metaspace       used 93089K, capacity 99392K, committed 99712K, reserved 1136640K
  class space    used 10862K, capacity 12837K, committed 12928K, reserved 1048576K
}
Event: 20228.902 GC heap before
{Heap before GC invocations=685 (full 327):
 PSYoungGen      total 164864K, used 3823K [0x00000000f5580000, 0x00000000ff800000, 0x0000000100000000)
  eden space 163328K, 2% used [0x00000000f5580000,0x00000000f593bf30,0x00000000ff500000)
  from space 1536K, 0% used [0x00000000ff500000,0x00000000ff500000,0x00000000ff680000)
  to   space 1536K, 0% used [0x00000000ff680000,0x00000000ff680000,0x00000000ff800000)
 ParOldGen       total 76288K, used 64715K [0x00000000e0000000, 0x00000000e4a80000, 0x00000000f5580000)
  object space 76288K, 84% used [0x00000000e0000000,0x00000000e3f32f88,0x00000000e4a80000)
 Metaspace       used 93089K, capacity 99392K, committed 99712K, reserved 1136640K
  class space    used 10862K, capacity 12837K, committed 12928K, reserved 1048576K
Event: 20228.905 GC heap after
Heap after GC invocations=685 (full 327):
 PSYoungGen      total 164864K, used 192K [0x00000000f5580000, 0x00000000ff800000, 0x0000000100000000)
  eden space 163328K, 0% used [0x00000000f5580000,0x00000000f5580000,0x00000000ff500000)
  from space 1536K, 12% used [0x00000000ff680000,0x00000000ff6b0000,0x00000000ff800000)
  to   space 1536K, 0% used [0x00000000ff500000,0x00000000ff500000,0x00000000ff680000)
 ParOldGen       total 76288K, used 64715K [0x00000000e0000000, 0x00000000e4a80000, 0x00000000f5580000)
  object space 76288K, 84% used [0x00000000e0000000,0x00000000e3f32f88,0x00000000e4a80000)
 Metaspace       used 93089K, capacity 99392K, committed 99712K, reserved 1136640K
  class space    used 10862K, capacity 12837K, committed 12928K, reserved 1048576K
}
Event: 20228.905 GC heap before
{Heap before GC invocations=686 (full 328):
 PSYoungGen      total 164864K, used 192K [0x00000000f5580000, 0x00000000ff800000, 0x0000000100000000)
  eden space 163328K, 0% used [0x00000000f5580000,0x00000000f5580000,0x00000000ff500000)
  from space 1536K, 12% used [0x00000000ff680000,0x00000000ff6b0000,0x00000000ff800000)
  to   space 1536K, 0% used [0x00000000ff500000,0x00000000ff500000,0x00000000ff680000)
 ParOldGen       total 76288K, used 64715K [0x00000000e0000000, 0x00000000e4a80000, 0x00000000f5580000)
  object space 76288K, 84% used [0x00000000e0000000,0x00000000e3f32f88,0x00000000e4a80000)
 Metaspace       used 93089K, capacity 99392K, committed 99712K, reserved 1136640K
  class space    used 10862K, capacity 12837K, committed 12928K, reserved 1048576K
Event: 20229.093 GC heap after
Heap after GC invocations=686 (full 328):
 PSYoungGen      total 164864K, used 0K [0x00000000f5580000, 0x00000000ff800000, 0x0000000100000000)
  eden space 163328K, 0% used [0x00000000f5580000,0x00000000f5580000,0x00000000ff500000)
  from space 1536K, 0% used [0x00000000ff680000,0x00000000ff680000,0x00000000ff800000)
  to   space 1536K, 0% used [0x00000000ff500000,0x00000000ff500000,0x00000000ff680000)
 ParOldGen       total 76288K, used 64594K [0x00000000e0000000, 0x00000000e4a80000, 0x00000000f5580000)
  object space 76288K, 84% used [0x00000000e0000000,0x00000000e3f14ad0,0x00000000e4a80000)
 Metaspace       used 93089K, capacity 99392K, committed 99712K, reserved 1136640K
  class space    used 10862K, capacity 12837K, committed 12928K, reserved 1048576K
}

