# JRE version: Java(TM) SE Runtime Environment (8.0_25-b18) (build 1.8.0_25-b18)
# Java VM: Java HotSpot(TM) 64-Bit Server VM (25.25-b02 mixed mode windows-amd64 compressed oops)
Heap:
 PSYoungGen      total 116736K, used 60225K [0x00000000f5580000, 0x00000000fe080000, 0x0000000100000000)
  eden space 94208K, 63% used [0x00000000f5580000,0x00000000f90507d0,0x00000000fb180000)
  from space 22528K, 0% used [0x00000000fc880000,0x00000000fc880000,0x00000000fde80000)
  to   space 23552K, 0% used [0x00000000fb180000,0x00000000fb180000,0x00000000fc880000)
 ParOldGen       total 120832K, used 45048K [0x00000000e0000000, 0x00000000e7600000, 0x00000000f5580000)
  object space 120832K, 37% used [0x00000000e0000000,0x00000000e2bfe0e0,0x00000000e7600000)
 Metaspace       used 75949K, capacity 81264K, committed 81496K, reserved 1120256K
  class space    used 9307K, capacity 11072K, committed 11096K, reserved 1048576K
GC Heap History (10 events):
Event: 97.546 GC heap before
{Heap before GC invocations=17 (full 3):
 PSYoungGen      total 103936K, used 97886K [0x00000000f5580000, 0x00000000fdb00000, 0x0000000100000000)
  eden space 81920K, 100% used [0x00000000f5580000,0x00000000fa580000,0x00000000fa580000)
  from space 22016K, 72% used [0x00000000fa580000,0x00000000fb517ae0,0x00000000fbb00000)
  to   space 22016K, 0% used [0x00000000fc580000,0x00000000fc580000,0x00000000fdb00000)
 ParOldGen       total 120832K, used 36181K [0x00000000e0000000, 0x00000000e7600000, 0x00000000f5580000)
  object space 120832K, 29% used [0x00000000e0000000,0x00000000e2355430,0x00000000e7600000)
 Metaspace       used 73302K, capacity 78702K, committed 78936K, reserved 1118208K
  class space    used 9050K, capacity 10804K, committed 10840K, reserved 1048576K
Event: 97.568 GC heap after
Heap after GC invocations=17 (full 3):
 PSYoungGen      total 113664K, used 17257K [0x00000000f5580000, 0x00000000fdf80000, 0x0000000100000000)
  eden space 91648K, 0% used [0x00000000f5580000,0x00000000f5580000,0x00000000faf00000)
  from space 22016K, 78% used [0x00000000fc580000,0x00000000fd65a6c0,0x00000000fdb00000)
  to   space 23040K, 0% used [0x00000000faf00000,0x00000000faf00000,0x00000000fc580000)
 ParOldGen       total 120832K, used 36189K [0x00000000e0000000, 0x00000000e7600000, 0x00000000f5580000)
  object space 120832K, 29% used [0x00000000e0000000,0x00000000e2357430,0x00000000e7600000)
 Metaspace       used 73302K, capacity 78702K, committed 78936K, reserved 1118208K
  class space    used 9050K, capacity 10804K, committed 10840K, reserved 1048576K
}
Event: 100.191 GC heap before
{Heap before GC invocations=18 (full 3):
 PSYoungGen      total 113664K, used 43764K [0x00000000f5580000, 0x00000000fdf80000, 0x0000000100000000)
  eden space 91648K, 28% used [0x00000000f5580000,0x00000000f6f62b20,0x00000000faf00000)
  from space 22016K, 78% used [0x00000000fc580000,0x00000000fd65a6c0,0x00000000fdb00000)
  to   space 23040K, 0% used [0x00000000faf00000,0x00000000faf00000,0x00000000fc580000)
 ParOldGen       total 120832K, used 36189K [0x00000000e0000000, 0x00000000e7600000, 0x00000000f5580000)
  object space 120832K, 29% used [0x00000000e0000000,0x00000000e2357430,0x00000000e7600000)
 Metaspace       used 73574K, capacity 78958K, committed 79192K, reserved 1118208K
  class space    used 9070K, capacity 10804K, committed 10840K, reserved 1048576K
Event: 100.218 GC heap after
Heap after GC invocations=18 (full 3):
 PSYoungGen      total 114688K, used 14855K [0x00000000f5580000, 0x00000000fde80000, 0x0000000100000000)
  eden space 91648K, 0% used [0x00000000f5580000,0x00000000f5580000,0x00000000faf00000)
  from space 23040K, 64% used [0x00000000faf00000,0x00000000fbd81cf8,0x00000000fc580000)
  to   space 22528K, 0% used [0x00000000fc880000,0x00000000fc880000,0x00000000fde80000)
 ParOldGen       total 120832K, used 36197K [0x00000000e0000000, 0x00000000e7600000, 0x00000000f5580000)
  object space 120832K, 29% used [0x00000000e0000000,0x00000000e2359430,0x00000000e7600000)
 Metaspace       used 73574K, capacity 78958K, committed 79192K, reserved 1118208K
  class space    used 9070K, capacity 10804K, committed 10840K, reserved 1048576K
}
Event: 100.218 GC heap before
{Heap before GC invocations=19 (full 4):
 PSYoungGen      total 114688K, used 14855K [0x00000000f5580000, 0x00000000fde80000, 0x0000000100000000)
  eden space 91648K, 0% used [0x00000000f5580000,0x00000000f5580000,0x00000000faf00000)
  from space 23040K, 64% used [0x00000000faf00000,0x00000000fbd81cf8,0x00000000fc580000)
  to   space 22528K, 0% used [0x00000000fc880000,0x00000000fc880000,0x00000000fde80000)
 ParOldGen       total 120832K, used 36197K [0x00000000e0000000, 0x00000000e7600000, 0x00000000f5580000)
  object space 120832K, 29% used [0x00000000e0000000,0x00000000e2359430,0x00000000e7600000)
 Metaspace       used 73574K, capacity 78958K, committed 79192K, reserved 1118208K
  class space    used 9070K, capacity 10804K, committed 10840K, reserved 1048576K
Event: 100.606 GC heap after
Heap after GC invocations=19 (full 4):
 PSYoungGen      total 114688K, used 0K [0x00000000f5580000, 0x00000000fde80000, 0x0000000100000000)
  eden space 91648K, 0% used [0x00000000f5580000,0x00000000f5580000,0x00000000faf00000)
  from space 23040K, 0% used [0x00000000faf00000,0x00000000faf00000,0x00000000fc580000)
  to   space 22528K, 0% used [0x00000000fc880000,0x00000000fc880000,0x00000000fde80000)
 ParOldGen       total 120832K, used 43089K [0x00000000e0000000, 0x00000000e7600000, 0x00000000f5580000)
  object space 120832K, 35% used [0x00000000e0000000,0x00000000e2a14750,0x00000000e7600000)
 Metaspace       used 73574K, capacity 78958K, committed 79192K, reserved 1118208K
  class space    used 9070K, capacity 10804K, committed 10840K, reserved 1048576K
}
Event: 161.763 GC heap before
{Heap before GC invocations=20 (full 4):
 PSYoungGen      total 114688K, used 60653K [0x00000000f5580000, 0x00000000fde80000, 0x0000000100000000)
  eden space 91648K, 66% used [0x00000000f5580000,0x00000000f90bb4a8,0x00000000faf00000)
  from space 23040K, 0% used [0x00000000faf00000,0x00000000faf00000,0x00000000fc580000)
  to   space 22528K, 0% used [0x00000000fc880000,0x00000000fc880000,0x00000000fde80000)
 ParOldGen       total 120832K, used 43089K [0x00000000e0000000, 0x00000000e7600000, 0x00000000f5580000)
  object space 120832K, 35% used [0x00000000e0000000,0x00000000e2a14750,0x00000000e7600000)
 Metaspace       used 74436K, capacity 79766K, committed 80088K, reserved 1118208K
  class space    used 9145K, capacity 10874K, committed 10968K, reserved 1048576K
Event: 161.773 GC heap after
Heap after GC invocations=20 (full 4):
 PSYoungGen      total 116736K, used 2679K [0x00000000f5580000, 0x00000000fe080000, 0x0000000100000000)
  eden space 94208K, 0% used [0x00000000f5580000,0x00000000f5580000,0x00000000fb180000)
  from space 22528K, 11% used [0x00000000fc880000,0x00000000fcb1dec0,0x00000000fde80000)
  to   space 23552K, 0% used [0x00000000fb180000,0x00000000fb180000,0x00000000fc880000)
 ParOldGen       total 120832K, used 43089K [0x00000000e0000000, 0x00000000e7600000, 0x00000000f5580000)
  object space 120832K, 35% used [0x00000000e0000000,0x00000000e2a14750,0x00000000e7600000)
 Metaspace       used 74436K, capacity 79766K, committed 80088K, reserved 1118208K
  class space    used 9145K, capacity 10874K, committed 10968K, reserved 1048576K
}
Event: 161.773 GC heap before
{Heap before GC invocations=21 (full 5):
 PSYoungGen      total 116736K, used 2679K [0x00000000f5580000, 0x00000000fe080000, 0x0000000100000000)
  eden space 94208K, 0% used [0x00000000f5580000,0x00000000f5580000,0x00000000fb180000)
  from space 22528K, 11% used [0x00000000fc880000,0x00000000fcb1dec0,0x00000000fde80000)
  to   space 23552K, 0% used [0x00000000fb180000,0x00000000fb180000,0x00000000fc880000)
 ParOldGen       total 120832K, used 43089K [0x00000000e0000000, 0x00000000e7600000, 0x00000000f5580000)
  object space 120832K, 35% used [0x00000000e0000000,0x00000000e2a14750,0x00000000e7600000)
 Metaspace       used 74436K, capacity 79766K, committed 80088K, reserved 1118208K
  class space    used 9145K, capacity 10874K, committed 10968K, reserved 1048576K
Event: 162.143 GC heap after
Heap after GC invocations=21 (full 5):
 PSYoungGen      total 116736K, used 0K [0x00000000f5580000, 0x00000000fe080000, 0x0000000100000000)
  eden space 94208K, 0% used [0x00000000f5580000,0x00000000f5580000,0x00000000fb180000)
  from space 22528K, 0% used [0x00000000fc880000,0x00000000fc880000,0x00000000fde80000)
  to   space 23552K, 0% used [0x00000000fb180000,0x00000000fb180000,0x00000000fc880000)
 ParOldGen       total 120832K, used 45048K [0x00000000e0000000, 0x00000000e7600000, 0x00000000f5580000)
  object space 120832K, 37% used [0x00000000e0000000,0x00000000e2bfe0e0,0x00000000e7600000)
 Metaspace       used 74436K, capacity 79766K, committed 80088K, reserved 1118208K
  class space    used 9145K, capacity 10874K, committed 10968K, reserved 1048576K
}

