# JRE version: Java(TM) SE Runtime Environment (8.0_25-b18) (build 1.8.0_25-b18)
# Java VM: Java HotSpot(TM) 64-Bit Server VM (25.25-b02 mixed mode windows-amd64 compressed oops)
Heap:
 PSYoungGen      total 131584K, used 39832K [0x00000000f5580000, 0x00000000fd700000, 0x0000000100000000)
  eden space 131072K, 30% used [0x00000000f5580000,0x00000000f7c66078,0x00000000fd580000)
  from space 512K, 0% used [0x00000000fd600000,0x00000000fd600000,0x00000000fd680000)
  to   space 512K, 0% used [0x00000000fd680000,0x00000000fd680000,0x00000000fd700000)
 ParOldGen       total 121344K, used 47421K [0x00000000e0000000, 0x00000000e7680000, 0x00000000f5580000)
  object space 121344K, 39% used [0x00000000e0000000,0x00000000e2e4f628,0x00000000e7680000)
 Metaspace       used 89152K, capacity 95408K, committed 95616K, reserved 1132544K
  class space    used 10656K, capacity 12574K, committed 12672K, reserved 1048576K
GC Heap History (10 events):
Event: 14712.906 GC heap before
{Heap before GC invocations=499 (full 242):
 PSYoungGen      total 131584K, used 128K [0x00000000f5580000, 0x00000000fd700000, 0x0000000100000000)
  eden space 131072K, 0% used [0x00000000f5580000,0x00000000f5580000,0x00000000fd580000)
  from space 512K, 25% used [0x00000000fd600000,0x00000000fd620000,0x00000000fd680000)
  to   space 512K, 0% used [0x00000000fd680000,0x00000000fd680000,0x00000000fd700000)
 ParOldGen       total 121344K, used 47430K [0x00000000e0000000, 0x00000000e7680000, 0x00000000f5580000)
  object space 121344K, 39% used [0x00000000e0000000,0x00000000e2e51840,0x00000000e7680000)
 Metaspace       used 88301K, capacity 94694K, committed 94976K, reserved 1132544K
  class space    used 10559K, capacity 12509K, committed 12544K, reserved 1048576K
Event: 14713.077 GC heap after
Heap after GC invocations=499 (full 242):
 PSYoungGen      total 131584K, used 0K [0x00000000f5580000, 0x00000000fd700000, 0x0000000100000000)
  eden space 131072K, 0% used [0x00000000f5580000,0x00000000f5580000,0x00000000fd580000)
  from space 512K, 0% used [0x00000000fd600000,0x00000000fd600000,0x00000000fd680000)
  to   space 512K, 0% used [0x00000000fd680000,0x00000000fd680000,0x00000000fd700000)
 ParOldGen       total 121344K, used 47430K [0x00000000e0000000, 0x00000000e7680000, 0x00000000f5580000)
  object space 121344K, 39% used [0x00000000e0000000,0x00000000e2e51840,0x00000000e7680000)
 Metaspace       used 88301K, capacity 94694K, committed 94976K, reserved 1132544K
  class space    used 10559K, capacity 12509K, committed 12544K, reserved 1048576K
}
Event: 14772.915 GC heap before
{Heap before GC invocations=500 (full 242):
 PSYoungGen      total 131584K, used 6943K [0x00000000f5580000, 0x00000000fd700000, 0x0000000100000000)
  eden space 131072K, 5% used [0x00000000f5580000,0x00000000f5c47d80,0x00000000fd580000)
  from space 512K, 0% used [0x00000000fd600000,0x00000000fd600000,0x00000000fd680000)
  to   space 512K, 0% used [0x00000000fd680000,0x00000000fd680000,0x00000000fd700000)
 ParOldGen       total 121344K, used 47430K [0x00000000e0000000, 0x00000000e7680000, 0x00000000f5580000)
  object space 121344K, 39% used [0x00000000e0000000,0x00000000e2e51840,0x00000000e7680000)
 Metaspace       used 88301K, capacity 94694K, committed 94976K, reserved 1132544K
  class space    used 10559K, capacity 12509K, committed 12544K, reserved 1048576K
Event: 14772.920 GC heap after
Heap after GC invocations=500 (full 242):
 PSYoungGen      total 131584K, used 384K [0x00000000f5580000, 0x00000000fd700000, 0x0000000100000000)
  eden space 131072K, 0% used [0x00000000f5580000,0x00000000f5580000,0x00000000fd580000)
  from space 512K, 75% used [0x00000000fd680000,0x00000000fd6e0000,0x00000000fd700000)
  to   space 512K, 0% used [0x00000000fd600000,0x00000000fd600000,0x00000000fd680000)
 ParOldGen       total 121344K, used 47430K [0x00000000e0000000, 0x00000000e7680000, 0x00000000f5580000)
  object space 121344K, 39% used [0x00000000e0000000,0x00000000e2e51840,0x00000000e7680000)
 Metaspace       used 88301K, capacity 94694K, committed 94976K, reserved 1132544K
  class space    used 10559K, capacity 12509K, committed 12544K, reserved 1048576K
}
Event: 14772.920 GC heap before
{Heap before GC invocations=501 (full 243):
 PSYoungGen      total 131584K, used 384K [0x00000000f5580000, 0x00000000fd700000, 0x0000000100000000)
  eden space 131072K, 0% used [0x00000000f5580000,0x00000000f5580000,0x00000000fd580000)
  from space 512K, 75% used [0x00000000fd680000,0x00000000fd6e0000,0x00000000fd700000)
  to   space 512K, 0% used [0x00000000fd600000,0x00000000fd600000,0x00000000fd680000)
 ParOldGen       total 121344K, used 47430K [0x00000000e0000000, 0x00000000e7680000, 0x00000000f5580000)
  object space 121344K, 39% used [0x00000000e0000000,0x00000000e2e51840,0x00000000e7680000)
 Metaspace       used 88301K, capacity 94694K, committed 94976K, reserved 1132544K
  class space    used 10559K, capacity 12509K, committed 12544K, reserved 1048576K
Event: 14773.089 GC heap after
Heap after GC invocations=501 (full 243):
 PSYoungGen      total 131584K, used 0K [0x00000000f5580000, 0x00000000fd700000, 0x0000000100000000)
  eden space 131072K, 0% used [0x00000000f5580000,0x00000000f5580000,0x00000000fd580000)
  from space 512K, 0% used [0x00000000fd680000,0x00000000fd680000,0x00000000fd700000)
  to   space 512K, 0% used [0x00000000fd600000,0x00000000fd600000,0x00000000fd680000)
 ParOldGen       total 121344K, used 47548K [0x00000000e0000000, 0x00000000e7680000, 0x00000000f5580000)
  object space 121344K, 39% used [0x00000000e0000000,0x00000000e2e6f318,0x00000000e7680000)
 Metaspace       used 88301K, capacity 94694K, committed 94976K, reserved 1132544K
  class space    used 10559K, capacity 12509K, committed 12544K, reserved 1048576K
}
Event: 14832.927 GC heap before
{Heap before GC invocations=502 (full 243):
 PSYoungGen      total 131584K, used 3005K [0x00000000f5580000, 0x00000000fd700000, 0x0000000100000000)
  eden space 131072K, 2% used [0x00000000f5580000,0x00000000f586f520,0x00000000fd580000)
  from space 512K, 0% used [0x00000000fd680000,0x00000000fd680000,0x00000000fd700000)
  to   space 512K, 0% used [0x00000000fd600000,0x00000000fd600000,0x00000000fd680000)
 ParOldGen       total 121344K, used 47548K [0x00000000e0000000, 0x00000000e7680000, 0x00000000f5580000)
  object space 121344K, 39% used [0x00000000e0000000,0x00000000e2e6f318,0x00000000e7680000)
 Metaspace       used 88301K, capacity 94694K, committed 94976K, reserved 1132544K
  class space    used 10559K, capacity 12509K, committed 12544K, reserved 1048576K
Event: 14832.931 GC heap after
Heap after GC invocations=502 (full 243):
 PSYoungGen      total 131584K, used 64K [0x00000000f5580000, 0x00000000fd700000, 0x0000000100000000)
  eden space 131072K, 0% used [0x00000000f5580000,0x00000000f5580000,0x00000000fd580000)
  from space 512K, 12% used [0x00000000fd600000,0x00000000fd610000,0x00000000fd680000)
  to   space 512K, 0% used [0x00000000fd680000,0x00000000fd680000,0x00000000fd700000)
 ParOldGen       total 121344K, used 47548K [0x00000000e0000000, 0x00000000e7680000, 0x00000000f5580000)
  object space 121344K, 39% used [0x00000000e0000000,0x00000000e2e6f318,0x00000000e7680000)
 Metaspace       used 88301K, capacity 94694K, committed 94976K, reserved 1132544K
  class space    used 10559K, capacity 12509K, committed 12544K, reserved 1048576K
}
Event: 14832.931 GC heap before
{Heap before GC invocations=503 (full 244):
 PSYoungGen      total 131584K, used 64K [0x00000000f5580000, 0x00000000fd700000, 0x0000000100000000)
  eden space 131072K, 0% used [0x00000000f5580000,0x00000000f5580000,0x00000000fd580000)
  from space 512K, 12% used [0x00000000fd600000,0x00000000fd610000,0x00000000fd680000)
  to   space 512K, 0% used [0x00000000fd680000,0x00000000fd680000,0x00000000fd700000)
 ParOldGen       total 121344K, used 47548K [0x00000000e0000000, 0x00000000e7680000, 0x00000000f5580000)
  object space 121344K, 39% used [0x00000000e0000000,0x00000000e2e6f318,0x00000000e7680000)
 Metaspace       used 88301K, capacity 94694K, committed 94976K, reserved 1132544K
  class space    used 10559K, capacity 12509K, committed 12544K, reserved 1048576K
Event: 14833.101 GC heap after
Heap after GC invocations=503 (full 244):
 PSYoungGen      total 131584K, used 0K [0x00000000f5580000, 0x00000000fd700000, 0x0000000100000000)
  eden space 131072K, 0% used [0x00000000f5580000,0x00000000f5580000,0x00000000fd580000)
  from space 512K, 0% used [0x00000000fd600000,0x00000000fd600000,0x00000000fd680000)
  to   space 512K, 0% used [0x00000000fd680000,0x00000000fd680000,0x00000000fd700000)
 ParOldGen       total 121344K, used 47421K [0x00000000e0000000, 0x00000000e7680000, 0x00000000f5580000)
  object space 121344K, 39% used [0x00000000e0000000,0x00000000e2e4f628,0x00000000e7680000)
 Metaspace       used 88301K, capacity 94694K, committed 94976K, reserved 1132544K
  class space    used 10559K, capacity 12509K, committed 12544K, reserved 1048576K
}

