# JRE version: Java(TM) SE Runtime Environment (8.0_25-b18) (build 1.8.0_25-b18)
# Java VM: Java HotSpot(TM) 64-Bit Server VM (25.25-b02 mixed mode windows-amd64 compressed oops)
Heap:
 PSYoungGen      total 136704K, used 38478K [0x00000000f5580000, 0x00000000ff000000, 0x0000000100000000)
  eden space 116224K, 33% used [0x00000000f5580000,0x00000000f7b138f0,0x00000000fc700000)
  from space 20480K, 0% used [0x00000000fc700000,0x00000000fc700000,0x00000000fdb00000)
  to   space 20992K, 0% used [0x00000000fdb80000,0x00000000fdb80000,0x00000000ff000000)
 ParOldGen       total 86528K, used 43260K [0x00000000e0000000, 0x00000000e5480000, 0x00000000f5580000)
  object space 86528K, 49% used [0x00000000e0000000,0x00000000e2a3f148,0x00000000e5480000)
 Metaspace       used 68467K, capacity 74056K, committed 74368K, reserved 1114112K
  class space    used 8619K, capacity 10270K, committed 10368K, reserved 1048576K
GC Heap History (10 events):
Event: 25.516 GC heap before
{Heap before GC invocations=14 (full 3):
 PSYoungGen      total 112640K, used 94208K [0x00000000f5580000, 0x00000000fd580000, 0x0000000100000000)
  eden space 94208K, 100% used [0x00000000f5580000,0x00000000fb180000,0x00000000fb180000)
  from space 18432K, 0% used [0x00000000fc380000,0x00000000fc380000,0x00000000fd580000)
  to   space 18432K, 0% used [0x00000000fb180000,0x00000000fb180000,0x00000000fc380000)
 ParOldGen       total 86528K, used 30939K [0x00000000e0000000, 0x00000000e5480000, 0x00000000f5580000)
  object space 86528K, 35% used [0x00000000e0000000,0x00000000e1e36c98,0x00000000e5480000)
 Metaspace       used 64614K, capacity 70066K, committed 70272K, reserved 1110016K
  class space    used 8158K, capacity 9838K, committed 9856K, reserved 1048576K
Event: 25.536 GC heap after
Heap after GC invocations=14 (full 3):
 PSYoungGen      total 112640K, used 17620K [0x00000000f5580000, 0x00000000fef00000, 0x0000000100000000)
  eden space 94208K, 0% used [0x00000000f5580000,0x00000000f5580000,0x00000000fb180000)
  from space 18432K, 95% used [0x00000000fb180000,0x00000000fc2b5318,0x00000000fc380000)
  to   space 20480K, 0% used [0x00000000fdb00000,0x00000000fdb00000,0x00000000fef00000)
 ParOldGen       total 86528K, used 30947K [0x00000000e0000000, 0x00000000e5480000, 0x00000000f5580000)
  object space 86528K, 35% used [0x00000000e0000000,0x00000000e1e38c98,0x00000000e5480000)
 Metaspace       used 64614K, capacity 70066K, committed 70272K, reserved 1110016K
  class space    used 8158K, capacity 9838K, committed 9856K, reserved 1048576K
}
Event: 63.380 GC heap before
{Heap before GC invocations=15 (full 3):
 PSYoungGen      total 112640K, used 61899K [0x00000000f5580000, 0x00000000fef00000, 0x0000000100000000)
  eden space 94208K, 47% used [0x00000000f5580000,0x00000000f80bd910,0x00000000fb180000)
  from space 18432K, 95% used [0x00000000fb180000,0x00000000fc2b5318,0x00000000fc380000)
  to   space 20480K, 0% used [0x00000000fdb00000,0x00000000fdb00000,0x00000000fef00000)
 ParOldGen       total 86528K, used 30947K [0x00000000e0000000, 0x00000000e5480000, 0x00000000f5580000)
  object space 86528K, 35% used [0x00000000e0000000,0x00000000e1e38c98,0x00000000e5480000)
 Metaspace       used 66186K, capacity 71636K, committed 71808K, reserved 1112064K
  class space    used 8397K, capacity 10064K, committed 10112K, reserved 1048576K
Event: 63.411 GC heap after
Heap after GC invocations=15 (full 3):
 PSYoungGen      total 136704K, used 13919K [0x00000000f5580000, 0x00000000fef00000, 0x0000000100000000)
  eden space 116224K, 0% used [0x00000000f5580000,0x00000000f5580000,0x00000000fc700000)
  from space 20480K, 67% used [0x00000000fdb00000,0x00000000fe897d40,0x00000000fef00000)
  to   space 20480K, 0% used [0x00000000fc700000,0x00000000fc700000,0x00000000fdb00000)
 ParOldGen       total 86528K, used 30955K [0x00000000e0000000, 0x00000000e5480000, 0x00000000f5580000)
  object space 86528K, 35% used [0x00000000e0000000,0x00000000e1e3ac98,0x00000000e5480000)
 Metaspace       used 66186K, capacity 71636K, committed 71808K, reserved 1112064K
  class space    used 8397K, capacity 10064K, committed 10112K, reserved 1048576K
}
Event: 63.411 GC heap before
{Heap before GC invocations=16 (full 4):
 PSYoungGen      total 136704K, used 13919K [0x00000000f5580000, 0x00000000fef00000, 0x0000000100000000)
  eden space 116224K, 0% used [0x00000000f5580000,0x00000000f5580000,0x00000000fc700000)
  from space 20480K, 67% used [0x00000000fdb00000,0x00000000fe897d40,0x00000000fef00000)
  to   space 20480K, 0% used [0x00000000fc700000,0x00000000fc700000,0x00000000fdb00000)
 ParOldGen       total 86528K, used 30955K [0x00000000e0000000, 0x00000000e5480000, 0x00000000f5580000)
  object space 86528K, 35% used [0x00000000e0000000,0x00000000e1e3ac98,0x00000000e5480000)
 Metaspace       used 66186K, capacity 71636K, committed 71808K, reserved 1112064K
  class space    used 8397K, capacity 10064K, committed 10112K, reserved 1048576K
Event: 63.756 GC heap after
Heap after GC invocations=16 (full 4):
 PSYoungGen      total 136704K, used 0K [0x00000000f5580000, 0x00000000fef00000, 0x0000000100000000)
  eden space 116224K, 0% used [0x00000000f5580000,0x00000000f5580000,0x00000000fc700000)
  from space 20480K, 0% used [0x00000000fdb00000,0x00000000fdb00000,0x00000000fef00000)
  to   space 20480K, 0% used [0x00000000fc700000,0x00000000fc700000,0x00000000fdb00000)
 ParOldGen       total 86528K, used 42823K [0x00000000e0000000, 0x00000000e5480000, 0x00000000f5580000)
  object space 86528K, 49% used [0x00000000e0000000,0x00000000e29d1d20,0x00000000e5480000)
 Metaspace       used 66186K, capacity 71636K, committed 71808K, reserved 1112064K
  class space    used 8397K, capacity 10064K, committed 10112K, reserved 1048576K
}
Event: 134.032 GC heap before
{Heap before GC invocations=17 (full 4):
 PSYoungGen      total 136704K, used 64032K [0x00000000f5580000, 0x00000000fef00000, 0x0000000100000000)
  eden space 116224K, 55% used [0x00000000f5580000,0x00000000f9408050,0x00000000fc700000)
  from space 20480K, 0% used [0x00000000fdb00000,0x00000000fdb00000,0x00000000fef00000)
  to   space 20480K, 0% used [0x00000000fc700000,0x00000000fc700000,0x00000000fdb00000)
 ParOldGen       total 86528K, used 42823K [0x00000000e0000000, 0x00000000e5480000, 0x00000000f5580000)
  object space 86528K, 49% used [0x00000000e0000000,0x00000000e29d1d20,0x00000000e5480000)
 Metaspace       used 67029K, capacity 72646K, committed 72960K, reserved 1112064K
  class space    used 8458K, capacity 10140K, committed 10240K, reserved 1048576K
Event: 134.041 GC heap after
Heap after GC invocations=17 (full 4):
 PSYoungGen      total 136704K, used 2003K [0x00000000f5580000, 0x00000000ff000000, 0x0000000100000000)
  eden space 116224K, 0% used [0x00000000f5580000,0x00000000f5580000,0x00000000fc700000)
  from space 20480K, 9% used [0x00000000fc700000,0x00000000fc8f4f90,0x00000000fdb00000)
  to   space 20992K, 0% used [0x00000000fdb80000,0x00000000fdb80000,0x00000000ff000000)
 ParOldGen       total 86528K, used 42831K [0x00000000e0000000, 0x00000000e5480000, 0x00000000f5580000)
  object space 86528K, 49% used [0x00000000e0000000,0x00000000e29d3d20,0x00000000e5480000)
 Metaspace       used 67029K, capacity 72646K, committed 72960K, reserved 1112064K
  class space    used 8458K, capacity 10140K, committed 10240K, reserved 1048576K
}
Event: 134.041 GC heap before
{Heap before GC invocations=18 (full 5):
 PSYoungGen      total 136704K, used 2003K [0x00000000f5580000, 0x00000000ff000000, 0x0000000100000000)
  eden space 116224K, 0% used [0x00000000f5580000,0x00000000f5580000,0x00000000fc700000)
  from space 20480K, 9% used [0x00000000fc700000,0x00000000fc8f4f90,0x00000000fdb00000)
  to   space 20992K, 0% used [0x00000000fdb80000,0x00000000fdb80000,0x00000000ff000000)
 ParOldGen       total 86528K, used 42831K [0x00000000e0000000, 0x00000000e5480000, 0x00000000f5580000)
  object space 86528K, 49% used [0x00000000e0000000,0x00000000e29d3d20,0x00000000e5480000)
 Metaspace       used 67029K, capacity 72646K, committed 72960K, reserved 1112064K
  class space    used 8458K, capacity 10140K, committed 10240K, reserved 1048576K
Event: 134.417 GC heap after
Heap after GC invocations=18 (full 5):
 PSYoungGen      total 136704K, used 0K [0x00000000f5580000, 0x00000000ff000000, 0x0000000100000000)
  eden space 116224K, 0% used [0x00000000f5580000,0x00000000f5580000,0x00000000fc700000)
  from space 20480K, 0% used [0x00000000fc700000,0x00000000fc700000,0x00000000fdb00000)
  to   space 20992K, 0% used [0x00000000fdb80000,0x00000000fdb80000,0x00000000ff000000)
 ParOldGen       total 86528K, used 43260K [0x00000000e0000000, 0x00000000e5480000, 0x00000000f5580000)
  object space 86528K, 49% used [0x00000000e0000000,0x00000000e2a3f148,0x00000000e5480000)
 Metaspace       used 67029K, capacity 72646K, committed 72960K, reserved 1112064K
  class space    used 8458K, capacity 10140K, committed 10240K, reserved 1048576K
}

